c:\users\administrator.jusin-20180207g\desktop\enter the gungeon\client\debug\client.pch
c:\users\administrator.jusin-20180207g\desktop\enter the gungeon\client\debug\vc140.pdb
c:\users\administrator.jusin-20180207g\desktop\enter the gungeon\client\debug\vc140.idb
c:\users\administrator.jusin-20180207g\desktop\enter the gungeon\client\debug\stdafx.obj
c:\users\administrator.jusin-20180207g\desktop\enter the gungeon\client\debug\monster.obj
c:\users\administrator.jusin-20180207g\desktop\enter the gungeon\client\debug\monsterstate.obj
c:\users\administrator.jusin-20180207g\desktop\enter the gungeon\client\debug\mouse.obj
c:\users\administrator.jusin-20180207g\desktop\enter the gungeon\client\debug\obj.obj
c:\users\administrator.jusin-20180207g\desktop\enter the gungeon\client\debug\objmgr.obj
c:\users\administrator.jusin-20180207g\desktop\enter the gungeon\client\debug\player.obj
c:\users\administrator.jusin-20180207g\desktop\enter the gungeon\client\debug\playerstate.obj
c:\users\administrator.jusin-20180207g\desktop\enter the gungeon\client\debug\radialbullet.obj
c:\users\administrator.jusin-20180207g\desktop\enter the gungeon\client\debug\razer.obj
c:\users\administrator.jusin-20180207g\desktop\enter the gungeon\client\debug\razerbullet.obj
c:\users\administrator.jusin-20180207g\desktop\enter the gungeon\client\debug\riflemonster.obj
c:\users\administrator.jusin-20180207g\desktop\enter the gungeon\client\debug\riflemonsterstate.obj
c:\users\administrator.jusin-20180207g\desktop\enter the gungeon\client\debug\scene.obj
c:\users\administrator.jusin-20180207g\desktop\enter the gungeon\client\debug\scenemgr.obj
c:\users\administrator.jusin-20180207g\desktop\enter the gungeon\client\debug\scrollmgr.obj
c:\users\administrator.jusin-20180207g\desktop\enter the gungeon\client\debug\shield.obj
c:\users\administrator.jusin-20180207g\desktop\enter the gungeon\client\debug\shotgun.obj
c:\users\administrator.jusin-20180207g\desktop\enter the gungeon\client\debug\uimgr.obj
c:\users\administrator.jusin-20180207g\desktop\enter the gungeon\client\debug\wizard.obj
c:\users\administrator.jusin-20180207g\desktop\enter the gungeon\client\debug\wizardstate.obj
c:\users\administrator.jusin-20180207g\desktop\enter the gungeon\client\debug\anglebullet.obj
c:\users\administrator.jusin-20180207g\desktop\enter the gungeon\client\debug\bird.obj
c:\users\administrator.jusin-20180207g\desktop\enter the gungeon\client\debug\birdstate.obj
c:\users\administrator.jusin-20180207g\desktop\enter the gungeon\client\debug\bmp.obj
c:\users\administrator.jusin-20180207g\desktop\enter the gungeon\client\debug\bmpmgr.obj
c:\users\administrator.jusin-20180207g\desktop\enter the gungeon\client\debug\boom.obj
c:\users\administrator.jusin-20180207g\desktop\enter the gungeon\client\debug\bullet.obj
c:\users\administrator.jusin-20180207g\desktop\enter the gungeon\client\debug\chargegun.obj
c:\users\administrator.jusin-20180207g\desktop\enter the gungeon\client\debug\client.obj
c:\users\administrator.jusin-20180207g\desktop\enter the gungeon\client\debug\collisionmgr.obj
c:\users\administrator.jusin-20180207g\desktop\enter the gungeon\client\debug\dreadshot.obj
c:\users\administrator.jusin-20180207g\desktop\enter the gungeon\client\debug\etgmenu.obj
c:\users\administrator.jusin-20180207g\desktop\enter the gungeon\client\debug\etgstage.obj
c:\users\administrator.jusin-20180207g\desktop\enter the gungeon\client\debug\guidebullet.obj
c:\users\administrator.jusin-20180207g\desktop\enter the gungeon\client\debug\gun.obj
c:\users\administrator.jusin-20180207g\desktop\enter the gungeon\client\debug\keymgr.obj
c:\users\administrator.jusin-20180207g\desktop\enter the gungeon\client\debug\logo.obj
c:\users\administrator.jusin-20180207g\desktop\enter the gungeon\client\debug\maingame.obj
c:\users\administrator.jusin-20180207g\desktop\enter the gungeon\client\debug\tile.obj
c:\users\administrator.jusin-20180207g\desktop\enter the gungeon\client\debug\tilemgr.obj
c:\users\administrator.jusin-20180207g\desktop\enter the gungeon\client\debug\etgedit.obj
c:\users\administrator.jusin-20180207g\desktop\enter the gungeon\client\debug\desk.obj
c:\users\administrator.jusin-20180207g\desktop\enter the gungeon\debug\client.ilk
c:\users\administrator.jusin-20180207g\desktop\enter the gungeon\debug\client.exe
c:\users\administrator.jusin-20180207g\desktop\enter the gungeon\debug\client.pdb
c:\users\administrator.jusin-20180207g\desktop\enter the gungeon\client\debug\client.res
c:\users\administrator.jusin-20180207g\desktop\enter the gungeon\client\debug\client.tlog\cl.command.1.tlog
c:\users\administrator.jusin-20180207g\desktop\enter the gungeon\client\debug\client.tlog\cl.read.1.tlog
c:\users\administrator.jusin-20180207g\desktop\enter the gungeon\client\debug\client.tlog\cl.write.1.tlog
c:\users\administrator.jusin-20180207g\desktop\enter the gungeon\client\debug\client.tlog\link.command.1.tlog
c:\users\administrator.jusin-20180207g\desktop\enter the gungeon\client\debug\client.tlog\link.read.1.tlog
c:\users\administrator.jusin-20180207g\desktop\enter the gungeon\client\debug\client.tlog\link.write.1.tlog
c:\users\administrator.jusin-20180207g\desktop\enter the gungeon\client\debug\client.tlog\rc.command.1.tlog
c:\users\administrator.jusin-20180207g\desktop\enter the gungeon\client\debug\client.tlog\rc.read.1.tlog
c:\users\administrator.jusin-20180207g\desktop\enter the gungeon\client\debug\client.tlog\rc.write.1.tlog
